<?xml version="1.0" encoding="utf-8" standalone="no"?>
<test-results xmlns:xsi="http://www.w3.org/2001/XMLSchema-instance" xsi:noNamespaceSchemaLocation="nunit_schema_2.5.xsd" name="Pester" total="3" errors="0" failures="3" not-run="0" inconclusive="0" ignored="0" skipped="0" invalid="0" date="2026-02-25" time="20:04:51">
  <environment os-version="6.14.0-1017-azure" nunit-version="2.5.8.0" user="runner" user-domain="" clr-version="8.0.21" cwd="/home/runner/work/azure-guardrails-solution-accelerator/azure-guardrails-solution-accelerator" machine-name="runnervmnay03" platform="Linux" />
  <culture-info current-culture="" current-uiculture="" />
  <test-suite type="TestFixture" name="Pester" executed="True" result="Failure" success="False" time="7.9695" asserts="0" description="Pester">
    <results>
      <test-suite type="TestFixture" name="/home/runner/work/azure-guardrails-solution-accelerator/azure-guardrails-solution-accelerator/tests/GUARDRAIL 1 PROTECT ROOT  GLOBAL ADMINS ACCOUNT/Audit/Get-AzureADLicenseType.Tests.ps1" executed="True" result="Failure" success="False" time="7.7132" asserts="0" description="/home/runner/work/azure-guardrails-solution-accelerator/azure-guardrails-solution-accelerator/tests/GUARDRAIL 1 PROTECT ROOT  GLOBAL ADMINS ACCOUNT/Audit/Get-AzureADLicenseType.Tests.ps1">
        <results>
          <test-suite type="TestFixture" name="Get-ADLicenseType Function Tests" executed="True" result="Failure" success="False" time="7.44" asserts="0" description="Get-ADLicenseType Function Tests">
            <results>
              <test-suite type="TestFixture" name="Get-ADLicenseType Function Tests.When AAD_PREMIUM_P2 license is found" executed="True" result="Failure" success="False" time="7.4277" asserts="0" description="Get-ADLicenseType Function Tests.When AAD_PREMIUM_P2 license is found">
                <results>
                  <test-case description="Should return compliant status" name="Get-ADLicenseType Function Tests.When AAD_PREMIUM_P2 license is found.Should return compliant status" time="7.2551" asserts="0" success="False" result="Failure" executed="True">
                    <failure>
                      <message>WriteErrorException: Error: Failed to call Microsoft Graph REST API at URL '/subscribedSkus'; returned error message: An error occured constructing the URI or while calling Graph query for URI GET 'https://graph.microsoft.com/v1.0/subscribedSkus': Run Connect-AzAccount to login.</message>
                      <stack-trace>at Get-ADLicenseType, /home/runner/work/azure-guardrails-solution-accelerator/azure-guardrails-solution-accelerator/src/GUARDRAIL 1 PROTECT USER ACCOUNTS AND IDENTITIES/Audit/Get-AzureADLicenseType.psm1:47
at &lt;ScriptBlock&gt;, /home/runner/work/azure-guardrails-solution-accelerator/azure-guardrails-solution-accelerator/tests/GUARDRAIL 1 PROTECT ROOT  GLOBAL ADMINS ACCOUNT/Audit/Get-AzureADLicenseType.Tests.ps1:31</stack-trace>
                    </failure>
                  </test-case>
                  <test-case description="Should return correct license type" name="Get-ADLicenseType Function Tests.When AAD_PREMIUM_P2 license is found.Should return correct license type" time="0.0166" asserts="0" success="False" result="Failure" executed="True">
                    <failure>
                      <message>WriteErrorException: Error: Failed to call Microsoft Graph REST API at URL '/subscribedSkus'; returned error message: An error occured constructing the URI or while calling Graph query for URI GET 'https://graph.microsoft.com/v1.0/subscribedSkus': Run Connect-AzAccount to login.</message>
                      <stack-trace>at Get-ADLicenseType, /home/runner/work/azure-guardrails-solution-accelerator/azure-guardrails-solution-accelerator/src/GUARDRAIL 1 PROTECT USER ACCOUNTS AND IDENTITIES/Audit/Get-AzureADLicenseType.psm1:47
at &lt;ScriptBlock&gt;, /home/runner/work/azure-guardrails-solution-accelerator/azure-guardrails-solution-accelerator/tests/GUARDRAIL 1 PROTECT ROOT  GLOBAL ADMINS ACCOUNT/Audit/Get-AzureADLicenseType.Tests.ps1:36</stack-trace>
                    </failure>
                  </test-case>
                  <test-case description="Should return correct comments" name="Get-ADLicenseType Function Tests.When AAD_PREMIUM_P2 license is found.Should return correct comments" time="0.0115" asserts="0" success="False" result="Failure" executed="True">
                    <failure>
                      <message>WriteErrorException: Error: Failed to call Microsoft Graph REST API at URL '/subscribedSkus'; returned error message: An error occured constructing the URI or while calling Graph query for URI GET 'https://graph.microsoft.com/v1.0/subscribedSkus': Run Connect-AzAccount to login.</message>
                      <stack-trace>at Get-ADLicenseType, /home/runner/work/azure-guardrails-solution-accelerator/azure-guardrails-solution-accelerator/src/GUARDRAIL 1 PROTECT USER ACCOUNTS AND IDENTITIES/Audit/Get-AzureADLicenseType.psm1:47
at &lt;ScriptBlock&gt;, /home/runner/work/azure-guardrails-solution-accelerator/azure-guardrails-solution-accelerator/tests/GUARDRAIL 1 PROTECT ROOT  GLOBAL ADMINS ACCOUNT/Audit/Get-AzureADLicenseType.Tests.ps1:41</stack-trace>
                    </failure>
                  </test-case>
                </results>
              </test-suite>
            </results>
          </test-suite>
        </results>
      </test-suite>
    </results>
  </test-suite>
</test-results>